==============================================================================
Task1                                                                         
==============================================================================
Run Task                                                              Reading worksheet: Config
Table(columns=['SL No', 'TestCase_Id', 'TestName', 'PageLoading_Text', 'UserName', 'Password', 'Acc_no', 'Mini_amt', 'card_Details'], rows=8)
Portal Launching
Quick Pay in Portal
Portal Login
Portal Login with Email Notification
Portal login with menus validation
Portal Login with the user verification
Portal sign out
PayTM Login
| PASS |
------------------------------------------------------------------------------
Task1                                                                 | PASS |
1 task, 1 passed, 0 failed
==============================================================================
Output:  C:\Users\Q0041\Documents\Robots\Manapuram\output\output.xml
Log:     C:\Users\Q0041\Documents\Robots\Manapuram\output\log.html
